<?xml version="1.0" encoding="UTF-8"?>
<!-- Generated by org.testng.reporters.JUnitXMLReporter -->
<testsuite ignored="0" hostname="DESKTOP-MOB5JUI" failures="1" tests="4" name="Test" time="196.869" errors="0" timestamp="2022-08-24T18:19:43 IST">
  <testcase classname="com.ijmeet.config.TestBase" name="onTestFailure" time="0.022"/>
  <testcase classname="com.ijmeet.Tests.SignUpTest" name="verifyAfterRegistrationIsPagePopulatesToDashboard" time="33.973">
    <failure type="java.lang.AssertionError" message="does not match : actual Title :null expected Title is : Dashboard expected [Dashboard] but found [null]">
      <![CDATA[java.lang.AssertionError: does not match : actual Title :null expected Title is : Dashboard expected [Dashboard] but found [null]
at com.ijmeet.Tests.SignUpTest.verifyAfterRegistrationIsPagePopulatesToDashboard(SignUpTest.java:53)
at java.base/java.util.ArrayList.forEach(ArrayList.java:1511)
... Removed 32 stack frames]]>
    </failure>
  </testcase> <!-- verifyAfterRegistrationIsPagePopulatesToDashboard -->
  <testcase classname="com.ijmeet.Tests.SignUpTest" name="verifyIfClickOnSignUpBttnNavToRegisterPage" time="10.633"/>
  <testcase classname="com.ijmeet.config.TestBase" name="onTestFailure" time="0.01"/>
</testsuite> <!-- Test -->
