<?xml version="1.0" encoding="UTF-8"?>
<testng-results ignored="0" total="8" passed="7" failed="1" skipped="0">
  <reporter-output>
  </reporter-output>
  <suite started-at="2022-08-27T11:54:50 IST" name="Default suite" finished-at="2022-08-27T11:58:06 IST" duration-ms="195855">
    <groups>
    </groups>
    <test started-at="2022-08-27T11:54:50 IST" name="Default test" finished-at="2022-08-27T11:58:06 IST" duration-ms="195855">
      <class name="com.ijmeet.Tests.Sign_UpTest">
        <test-method is-config="true" signature="setUp(java.lang.String)[pri:0, instance:com.ijmeet.Tests.Sign_UpTest@7e5afaa6]" started-at="2022-08-27T11:54:51 IST" name="setUp" finished-at="2022-08-27T11:55:00 IST" duration-ms="9376" status="PASS">
          <params>
            <param index="0">
              <value>
                <![CDATA[Chrome]]>
              </value>
            </param>
          </params>
          <reporter-output>
          </reporter-output>
        </test-method> <!-- setUp -->
        <test-method signature="verifyRegistrationFormAcceptsDetails()[pri:0, instance:com.ijmeet.Tests.Sign_UpTest@7e5afaa6]" started-at="2022-08-27T11:55:00 IST" name="verifyRegistrationFormAcceptsDetails" finished-at="2022-08-27T11:55:27 IST" duration-ms="27526" status="PASS">
          <reporter-output>
          </reporter-output>
        </test-method> <!-- verifyRegistrationFormAcceptsDetails -->
        <test-method is-config="true" signature="tearDown()[pri:0, instance:com.ijmeet.Tests.Sign_UpTest@7e5afaa6]" started-at="2022-08-27T11:55:27 IST" name="tearDown" finished-at="2022-08-27T11:55:28 IST" duration-ms="516" status="PASS">
          <reporter-output>
          </reporter-output>
        </test-method> <!-- tearDown -->
        <test-method is-config="true" signature="setUp(java.lang.String)[pri:0, instance:com.ijmeet.Tests.Sign_UpTest@7e5afaa6]" started-at="2022-08-27T11:55:28 IST" name="setUp" finished-at="2022-08-27T11:55:33 IST" duration-ms="4826" status="PASS">
          <params>
            <param index="0">
              <value>
                <![CDATA[Chrome]]>
              </value>
            </param>
          </params>
          <reporter-output>
          </reporter-output>
        </test-method> <!-- setUp -->
        <test-method signature="verifySignUpPageConsistOfContactSalelink()[pri:0, instance:com.ijmeet.Tests.Sign_UpTest@7e5afaa6]" started-at="2022-08-27T11:55:33 IST" name="verifySignUpPageConsistOfContactSalelink" finished-at="2022-08-27T11:55:52 IST" duration-ms="18896" status="PASS">
          <reporter-output>
          </reporter-output>
        </test-method> <!-- verifySignUpPageConsistOfContactSalelink -->
        <test-method is-config="true" signature="tearDown()[pri:0, instance:com.ijmeet.Tests.Sign_UpTest@7e5afaa6]" started-at="2022-08-27T11:55:52 IST" name="tearDown" finished-at="2022-08-27T11:55:52 IST" duration-ms="330" status="PASS">
          <reporter-output>
          </reporter-output>
        </test-method> <!-- tearDown -->
        <test-method is-config="true" signature="setUp(java.lang.String)[pri:0, instance:com.ijmeet.Tests.Sign_UpTest@7e5afaa6]" started-at="2022-08-27T11:55:52 IST" name="setUp" finished-at="2022-08-27T11:55:56 IST" duration-ms="4029" status="PASS">
          <params>
            <param index="0">
              <value>
                <![CDATA[Chrome]]>
              </value>
            </param>
          </params>
          <reporter-output>
          </reporter-output>
        </test-method> <!-- setUp -->
        <test-method signature="verifySignUpPageConsistOfHostMeetinglink()[pri:0, instance:com.ijmeet.Tests.Sign_UpTest@7e5afaa6]" started-at="2022-08-27T11:55:56 IST" name="verifySignUpPageConsistOfHostMeetinglink" finished-at="2022-08-27T11:56:16 IST" duration-ms="19556" status="PASS">
          <reporter-output>
          </reporter-output>
        </test-method> <!-- verifySignUpPageConsistOfHostMeetinglink -->
        <test-method is-config="true" signature="tearDown()[pri:0, instance:com.ijmeet.Tests.Sign_UpTest@7e5afaa6]" started-at="2022-08-27T11:56:16 IST" name="tearDown" finished-at="2022-08-27T11:56:17 IST" duration-ms="1683" status="PASS">
          <reporter-output>
          </reporter-output>
        </test-method> <!-- tearDown -->
        <test-method is-config="true" signature="setUp(java.lang.String)[pri:0, instance:com.ijmeet.Tests.Sign_UpTest@7e5afaa6]" started-at="2022-08-27T11:56:17 IST" name="setUp" finished-at="2022-08-27T11:56:22 IST" duration-ms="4948" status="PASS">
          <params>
            <param index="0">
              <value>
                <![CDATA[Chrome]]>
              </value>
            </param>
          </params>
          <reporter-output>
          </reporter-output>
        </test-method> <!-- setUp -->
        <test-method signature="verifySignUpPageConsistOfJoinMeetinglink()[pri:0, instance:com.ijmeet.Tests.Sign_UpTest@7e5afaa6]" started-at="2022-08-27T11:56:22 IST" name="verifySignUpPageConsistOfJoinMeetinglink" finished-at="2022-08-27T11:56:49 IST" duration-ms="26769" status="PASS">
          <reporter-output>
          </reporter-output>
        </test-method> <!-- verifySignUpPageConsistOfJoinMeetinglink -->
        <test-method is-config="true" signature="tearDown()[pri:0, instance:com.ijmeet.Tests.Sign_UpTest@7e5afaa6]" started-at="2022-08-27T11:56:49 IST" name="tearDown" finished-at="2022-08-27T11:56:49 IST" duration-ms="167" status="PASS">
          <reporter-output>
          </reporter-output>
        </test-method> <!-- tearDown -->
        <test-method is-config="true" signature="setUp(java.lang.String)[pri:0, instance:com.ijmeet.Tests.Sign_UpTest@7e5afaa6]" started-at="2022-08-27T11:56:49 IST" name="setUp" finished-at="2022-08-27T11:56:51 IST" duration-ms="1871" status="PASS">
          <params>
            <param index="0">
              <value>
                <![CDATA[Chrome]]>
              </value>
            </param>
          </params>
          <reporter-output>
          </reporter-output>
        </test-method> <!-- setUp -->
        <test-method signature="verifySignUpPageConsistOfLanguageTranslatorButton()[pri:0, instance:com.ijmeet.Tests.Sign_UpTest@7e5afaa6]" started-at="2022-08-27T11:56:51 IST" name="verifySignUpPageConsistOfLanguageTranslatorButton" finished-at="2022-08-27T11:57:14 IST" duration-ms="22926" status="PASS">
          <reporter-output>
          </reporter-output>
        </test-method> <!-- verifySignUpPageConsistOfLanguageTranslatorButton -->
        <test-method is-config="true" signature="tearDown()[pri:0, instance:com.ijmeet.Tests.Sign_UpTest@7e5afaa6]" started-at="2022-08-27T11:57:14 IST" name="tearDown" finished-at="2022-08-27T11:57:14 IST" duration-ms="158" status="PASS">
          <reporter-output>
          </reporter-output>
        </test-method> <!-- tearDown -->
        <test-method is-config="true" signature="setUp(java.lang.String)[pri:0, instance:com.ijmeet.Tests.Sign_UpTest@7e5afaa6]" started-at="2022-08-27T11:57:14 IST" name="setUp" finished-at="2022-08-27T11:57:17 IST" duration-ms="2701" status="PASS">
          <params>
            <param index="0">
              <value>
                <![CDATA[Chrome]]>
              </value>
            </param>
          </params>
          <reporter-output>
          </reporter-output>
        </test-method> <!-- setUp -->
        <test-method signature="verifySignUpPageConsistOfSignInButton()[pri:0, instance:com.ijmeet.Tests.Sign_UpTest@7e5afaa6]" started-at="2022-08-27T11:57:17 IST" name="verifySignUpPageConsistOfSignInButton" finished-at="2022-08-27T11:57:33 IST" duration-ms="15771" status="PASS">
          <reporter-output>
          </reporter-output>
        </test-method> <!-- verifySignUpPageConsistOfSignInButton -->
        <test-method is-config="true" signature="tearDown()[pri:0, instance:com.ijmeet.Tests.Sign_UpTest@7e5afaa6]" started-at="2022-08-27T11:57:33 IST" name="tearDown" finished-at="2022-08-27T11:57:33 IST" duration-ms="176" status="PASS">
          <reporter-output>
          </reporter-output>
        </test-method> <!-- tearDown -->
        <test-method is-config="true" signature="setUp(java.lang.String)[pri:0, instance:com.ijmeet.Tests.Sign_UpTest@7e5afaa6]" started-at="2022-08-27T11:57:33 IST" name="setUp" finished-at="2022-08-27T11:57:35 IST" duration-ms="2005" status="PASS">
          <params>
            <param index="0">
              <value>
                <![CDATA[Chrome]]>
              </value>
            </param>
          </params>
          <reporter-output>
          </reporter-output>
        </test-method> <!-- setUp -->
        <test-method signature="verifySignUpPageConsistOfSignUpButton()[pri:0, instance:com.ijmeet.Tests.Sign_UpTest@7e5afaa6]" started-at="2022-08-27T11:57:35 IST" name="verifySignUpPageConsistOfSignUpButton" finished-at="2022-08-27T11:57:55 IST" duration-ms="20454" status="PASS">
          <reporter-output>
          </reporter-output>
        </test-method> <!-- verifySignUpPageConsistOfSignUpButton -->
        <test-method is-config="true" signature="tearDown()[pri:0, instance:com.ijmeet.Tests.Sign_UpTest@7e5afaa6]" started-at="2022-08-27T11:57:55 IST" name="tearDown" finished-at="2022-08-27T11:57:55 IST" duration-ms="171" status="PASS">
          <reporter-output>
          </reporter-output>
        </test-method> <!-- tearDown -->
        <test-method is-config="true" signature="setUp(java.lang.String)[pri:0, instance:com.ijmeet.Tests.Sign_UpTest@7e5afaa6]" started-at="2022-08-27T11:57:55 IST" name="setUp" finished-at="2022-08-27T11:57:58 IST" duration-ms="3040" status="PASS">
          <params>
            <param index="0">
              <value>
                <![CDATA[Chrome]]>
              </value>
            </param>
          </params>
          <reporter-output>
          </reporter-output>
        </test-method> <!-- setUp -->
        <test-method signature="onTestFailure()[pri:0, instance:com.ijmeet.Tests.Sign_UpTest@7e5afaa6]" started-at="2022-08-27T11:57:58 IST" name="onTestFailure" finished-at="2022-08-27T11:57:58 IST" duration-ms="4" status="FAIL">
          <exception class="java.lang.AssertionError">
            <message>
              <![CDATA[expected [true] but found [false]]]>
            </message>
            <full-stacktrace>
              <![CDATA[java.lang.AssertionError: expected [true] but found [false]
at org.testng.Assert.fail(Assert.java:97)
at org.testng.Assert.assertEqualsImpl(Assert.java:136)
at org.testng.Assert.assertEquals(Assert.java:118)
at org.testng.Assert.assertEquals(Assert.java:751)
at org.testng.Assert.assertEquals(Assert.java:761)
at com.ijmeet.config.TestBase.onTestFailure(TestBase.java:32)
at java.base/jdk.internal.reflect.NativeMethodAccessorImpl.invoke0(Native Method)
at java.base/jdk.internal.reflect.NativeMethodAccessorImpl.invoke(NativeMethodAccessorImpl.java:77)
at java.base/jdk.internal.reflect.DelegatingMethodAccessorImpl.invoke(DelegatingMethodAccessorImpl.java:43)
at java.base/java.lang.reflect.Method.invoke(Method.java:568)
at org.testng.internal.MethodInvocationHelper.invokeMethod(MethodInvocationHelper.java:134)
at org.testng.internal.TestInvoker.invokeMethod(TestInvoker.java:597)
at org.testng.internal.TestInvoker.invokeTestMethod(TestInvoker.java:173)
at org.testng.internal.MethodRunner.runInSequence(MethodRunner.java:46)
at org.testng.internal.TestInvoker$MethodInvocationAgent.invoke(TestInvoker.java:816)
at org.testng.internal.TestInvoker.invokeTestMethods(TestInvoker.java:146)
at org.testng.internal.TestMethodWorker.invokeTestMethods(TestMethodWorker.java:146)
at org.testng.internal.TestMethodWorker.run(TestMethodWorker.java:128)
at java.base/java.util.ArrayList.forEach(ArrayList.java:1511)
at org.testng.TestRunner.privateRun(TestRunner.java:766)
at org.testng.TestRunner.run(TestRunner.java:587)
at org.testng.SuiteRunner.runTest(SuiteRunner.java:384)
at org.testng.SuiteRunner.runSequentially(SuiteRunner.java:378)
at org.testng.SuiteRunner.privateRun(SuiteRunner.java:337)
at org.testng.SuiteRunner.run(SuiteRunner.java:286)
at org.testng.SuiteRunnerWorker.runSuite(SuiteRunnerWorker.java:53)
at org.testng.SuiteRunnerWorker.run(SuiteRunnerWorker.java:96)
at org.testng.TestNG.runSuitesSequentially(TestNG.java:1187)
at org.testng.TestNG.runSuitesLocally(TestNG.java:1109)
at org.testng.TestNG.runSuites(TestNG.java:1039)
at org.testng.TestNG.run(TestNG.java:1007)
at org.testng.remote.AbstractRemoteTestNG.run(AbstractRemoteTestNG.java:115)
at org.testng.remote.RemoteTestNG.initAndRun(RemoteTestNG.java:251)
at org.testng.remote.RemoteTestNG.main(RemoteTestNG.java:77)
]]>
            </full-stacktrace>
          </exception> <!-- java.lang.AssertionError -->
          <reporter-output>
          </reporter-output>
        </test-method> <!-- onTestFailure -->
        <test-method is-config="true" signature="tearDown()[pri:0, instance:com.ijmeet.Tests.Sign_UpTest@7e5afaa6]" started-at="2022-08-27T11:58:06 IST" name="tearDown" finished-at="2022-08-27T11:58:06 IST" duration-ms="181" status="PASS">
          <reporter-output>
          </reporter-output>
        </test-method> <!-- tearDown -->
      </class> <!-- com.ijmeet.Tests.Sign_UpTest -->
    </test> <!-- Default test -->
  </suite> <!-- Default suite -->
</testng-results>
