<?xml version="1.0" encoding="UTF-8"?>
<testng-results ignored="0" total="3" passed="2" failed="1" skipped="0">
  <reporter-output>
  </reporter-output>
  <suite started-at="2022-08-17T15:32:45 IST" name="Default suite" finished-at="2022-08-17T15:33:20 IST" duration-ms="34581">
    <groups>
    </groups>
    <test started-at="2022-08-17T15:32:45 IST" name="Default test" finished-at="2022-08-17T15:33:20 IST" duration-ms="34581">
      <class name="com.ijmeet.Tests.JoinMeetingTests">
        <test-method is-config="true" signature="setUp(java.lang.String)[pri:0, instance:com.ijmeet.Tests.JoinMeetingTests@73700b80]" started-at="2022-08-17T15:32:45 IST" name="setUp" finished-at="2022-08-17T15:32:52 IST" duration-ms="6289" status="PASS">
          <params>
            <param index="0">
              <value>
                <![CDATA[Chrome]]>
              </value>
            </param>
          </params>
          <reporter-output>
          </reporter-output>
        </test-method> <!-- setUp -->
        <test-method signature="verifyJoinMeetingButton()[pri:0, instance:com.ijmeet.Tests.JoinMeetingTests@73700b80]" started-at="2022-08-17T15:32:52 IST" name="verifyJoinMeetingButton" finished-at="2022-08-17T15:33:00 IST" duration-ms="8369" status="PASS">
          <reporter-output>
          </reporter-output>
        </test-method> <!-- verifyJoinMeetingButton -->
        <test-method is-config="true" signature="tearDown()[pri:0, instance:com.ijmeet.Tests.JoinMeetingTests@73700b80]" started-at="2022-08-17T15:33:00 IST" name="tearDown" finished-at="2022-08-17T15:33:00 IST" duration-ms="170" status="PASS">
          <reporter-output>
          </reporter-output>
        </test-method> <!-- tearDown -->
        <test-method is-config="true" signature="setUp(java.lang.String)[pri:0, instance:com.ijmeet.Tests.JoinMeetingTests@73700b80]" started-at="2022-08-17T15:33:00 IST" name="setUp" finished-at="2022-08-17T15:33:04 IST" duration-ms="3367" status="PASS">
          <params>
            <param index="0">
              <value>
                <![CDATA[Chrome]]>
              </value>
            </param>
          </params>
          <reporter-output>
          </reporter-output>
        </test-method> <!-- setUp -->
        <test-method signature="verifyUserCanJoinMeetingByWrongDetails()[pri:0, instance:com.ijmeet.Tests.JoinMeetingTests@73700b80]" started-at="2022-08-17T15:33:04 IST" name="verifyUserCanJoinMeetingByWrongDetails" finished-at="2022-08-17T15:33:11 IST" duration-ms="7600" status="PASS">
          <reporter-output>
          </reporter-output>
        </test-method> <!-- verifyUserCanJoinMeetingByWrongDetails -->
        <test-method is-config="true" signature="tearDown()[pri:0, instance:com.ijmeet.Tests.JoinMeetingTests@73700b80]" started-at="2022-08-17T15:33:11 IST" name="tearDown" finished-at="2022-08-17T15:33:11 IST" duration-ms="201" status="PASS">
          <reporter-output>
          </reporter-output>
        </test-method> <!-- tearDown -->
        <test-method is-config="true" signature="setUp(java.lang.String)[pri:0, instance:com.ijmeet.Tests.JoinMeetingTests@73700b80]" started-at="2022-08-17T15:33:11 IST" name="setUp" finished-at="2022-08-17T15:33:15 IST" duration-ms="3244" status="PASS">
          <params>
            <param index="0">
              <value>
                <![CDATA[Chrome]]>
              </value>
            </param>
          </params>
          <reporter-output>
          </reporter-output>
        </test-method> <!-- setUp -->
        <test-method signature="onTestFailure()[pri:0, instance:com.ijmeet.Tests.JoinMeetingTests@73700b80]" started-at="2022-08-17T15:33:15 IST" name="onTestFailure" finished-at="2022-08-17T15:33:15 IST" duration-ms="12" status="FAIL">
          <exception class="java.lang.AssertionError">
            <message>
              <![CDATA[expected [true] but found [false]]]>
            </message>
            <full-stacktrace>
              <![CDATA[java.lang.AssertionError: expected [true] but found [false]
at org.testng.Assert.fail(Assert.java:97)
at org.testng.Assert.assertEqualsImpl(Assert.java:136)
at org.testng.Assert.assertEquals(Assert.java:118)
at org.testng.Assert.assertEquals(Assert.java:751)
at org.testng.Assert.assertEquals(Assert.java:761)
at com.ijmeet.config.TestBase.onTestFailure(TestBase.java:32)
at java.base/jdk.internal.reflect.NativeMethodAccessorImpl.invoke0(Native Method)
at java.base/jdk.internal.reflect.NativeMethodAccessorImpl.invoke(NativeMethodAccessorImpl.java:77)
at java.base/jdk.internal.reflect.DelegatingMethodAccessorImpl.invoke(DelegatingMethodAccessorImpl.java:43)
at java.base/java.lang.reflect.Method.invoke(Method.java:568)
at org.testng.internal.MethodInvocationHelper.invokeMethod(MethodInvocationHelper.java:134)
at org.testng.internal.TestInvoker.invokeMethod(TestInvoker.java:597)
at org.testng.internal.TestInvoker.invokeTestMethod(TestInvoker.java:173)
at org.testng.internal.MethodRunner.runInSequence(MethodRunner.java:46)
at org.testng.internal.TestInvoker$MethodInvocationAgent.invoke(TestInvoker.java:816)
at org.testng.internal.TestInvoker.invokeTestMethods(TestInvoker.java:146)
at org.testng.internal.TestMethodWorker.invokeTestMethods(TestMethodWorker.java:146)
at org.testng.internal.TestMethodWorker.run(TestMethodWorker.java:128)
at java.base/java.util.ArrayList.forEach(ArrayList.java:1511)
at org.testng.TestRunner.privateRun(TestRunner.java:766)
at org.testng.TestRunner.run(TestRunner.java:587)
at org.testng.SuiteRunner.runTest(SuiteRunner.java:384)
at org.testng.SuiteRunner.runSequentially(SuiteRunner.java:378)
at org.testng.SuiteRunner.privateRun(SuiteRunner.java:337)
at org.testng.SuiteRunner.run(SuiteRunner.java:286)
at org.testng.SuiteRunnerWorker.runSuite(SuiteRunnerWorker.java:53)
at org.testng.SuiteRunnerWorker.run(SuiteRunnerWorker.java:96)
at org.testng.TestNG.runSuitesSequentially(TestNG.java:1187)
at org.testng.TestNG.runSuitesLocally(TestNG.java:1109)
at org.testng.TestNG.runSuites(TestNG.java:1039)
at org.testng.TestNG.run(TestNG.java:1007)
at org.testng.remote.AbstractRemoteTestNG.run(AbstractRemoteTestNG.java:115)
at org.testng.remote.RemoteTestNG.initAndRun(RemoteTestNG.java:251)
at org.testng.remote.RemoteTestNG.main(RemoteTestNG.java:77)
]]>
            </full-stacktrace>
          </exception> <!-- java.lang.AssertionError -->
          <reporter-output>
          </reporter-output>
        </test-method> <!-- onTestFailure -->
        <test-method is-config="true" signature="tearDown()[pri:0, instance:com.ijmeet.Tests.JoinMeetingTests@73700b80]" started-at="2022-08-17T15:33:20 IST" name="tearDown" finished-at="2022-08-17T15:33:20 IST" duration-ms="217" status="PASS">
          <reporter-output>
          </reporter-output>
        </test-method> <!-- tearDown -->
      </class> <!-- com.ijmeet.Tests.JoinMeetingTests -->
    </test> <!-- Default test -->
  </suite> <!-- Default suite -->
</testng-results>
